<?xml version="1.0" encoding="UTF-8"?>
<!-- Generated by org.testng.reporters.JUnitXMLReporter -->
<testsuite hostname="prakharastogi01" ignored="0" name="Default test" tests="5" failures="0" timestamp="02 Jul 2021 13:35:18 GMT" time="134.495" errors="0">
  <testcase name="validGlobalPage1" time="7.421" classname="com.redbus.tests.OpenGlobalSitesTest"/>
  <testcase name="validGlobalPage2" time="5.933" classname="com.redbus.tests.OpenGlobalSitesTest"/>
  <testcase name="validGlobalPage3" time="7.53" classname="com.redbus.tests.OpenGlobalSitesTest"/>
  <testcase name="validGlobalPage4" time="7.9" classname="com.redbus.tests.OpenGlobalSitesTest"/>
  <testcase name="validGlobalPage5" time="6.014" classname="com.redbus.tests.OpenGlobalSitesTest"/>
</testsuite> <!-- Default test -->
