<?xml version="1.0" encoding="UTF-8"?>
<!-- Generated by org.testng.reporters.JUnitXMLReporter -->
<testsuite hostname="prakharastogi01" ignored="38" name="Test" tests="29" failures="0" timestamp="03 Jul 2021 09:47:31 GMT" time="940.179" errors="0">
  <testcase name="When_User_Enter_Valid_From_InValid_To_and_Valid_Date" time="15.031" classname="com.redbus.tests.SearchTest"/>
  <testcase name="When_User_Enter_Valid_From_Valid_To_and_InValid_Date" time="14.982" classname="com.redbus.tests.SearchTest"/>
  <testcase name="When_User_Enter_Valid_From_Valid_To_and_Valid_Date" time="14.047" classname="com.redbus.tests.SearchTest"/>
  <testcase name="validHelpSection" time="9.9" classname="com.redbus.tests.HelpSectionTest"/>
  <testcase name="validOperatorReg" time="11.952" classname="com.redbus.tests.BusOperatorRegTest"/>
  <testcase name="validContactUs" time="5.426" classname="com.redbus.tests.ContactUsTest"/>
  <testcase name="validInsurancePartnerTest" time="5.941" classname="com.redbus.tests.InsurancePartner"/>
  <testcase name="validCareerPageTest" time="4.468" classname="com.redbus.tests.CareerTest"/>
  <testcase name="validAboutUs" time="12.136" classname="com.redbus.tests.AboutUsTest"/>
  <testcase name="validSignIn" time="7.479" classname="com.redbus.tests.SignInTest"/>
  <testcase name="validUserAgreementTest" time="10.15" classname="com.redbus.tests.UserAgreementTest"/>
  <testcase name="validChangeTravelDate" time="9.846" classname="com.redbus.tests.ChangeTravelDateTest"/>
  <testcase name="validCancelTicket" time="6.993" classname="com.redbus.tests.CancelTicketTest"/>
  <testcase name="validBusPool" time="12.144" classname="com.redbus.tests.BusPoolTest"/>
  <testcase name="validGlobalPage1" time="9.41" classname="com.redbus.tests.OpenGlobalSitesTest"/>
  <testcase name="validMobileVersionTest" time="5.049" classname="com.redbus.tests.MobileVersionTest"/>
  <testcase name="validEmailAndSms" time="6.811" classname="com.redbus.tests.EmailAndSmsTest"/>
  <testcase name="validBusHireForm" time="40.839" classname="com.redbus.tests.BusHireTest"/>
  <testcase name="validGotoGoibibo" time="12.953" classname="com.redbus.tests.OtherSitesTest"/>
  <testcase name="validGotoMakeMyTrip" time="14.195" classname="com.redbus.tests.OtherSitesTest"/>
  <testcase name="InvalidAgentReg" time="9.446" classname="com.redbus.tests.AgentRegistrationTest"/>
  <testcase name="validAgentReg" time="6.402" classname="com.redbus.tests.AgentRegistrationTest"/>
  <testcase name="validOffersPage" time="5.153" classname="com.redbus.tests.OffersPageTest"/>
  <testcase name="validShowTicket" time="6.145" classname="com.redbus.tests.ShowMyTicketTest"/>
  <testcase name="InvalidCancelTicket" time="6.514" classname="com.redbus.tests.CancelTicketTest"/>
  <testcase name="validGlobalPage2" time="5.747" classname="com.redbus.tests.OpenGlobalSitesTest"/>
  <testcase name="validGlobalPage3" time="8.125" classname="com.redbus.tests.OpenGlobalSitesTest"/>
  <testcase name="validGlobalPage4" time="8.288" classname="com.redbus.tests.OpenGlobalSitesTest"/>
  <testcase name="validGlobalPage5" time="6.95" classname="com.redbus.tests.OpenGlobalSitesTest"/>
  <testcase name="@AfterSuite endReport" time="0.0" classname="com.redbus.tests.Base">
    <ignored/>
  </testcase> <!-- @AfterSuite endReport -->
  <testcase name="@AfterSuite endReport" time="0.0" classname="com.redbus.tests.Base">
    <ignored/>
  </testcase> <!-- @AfterSuite endReport -->
  <testcase name="@AfterSuite endReport" time="0.0" classname="com.redbus.tests.Base">
    <ignored/>
  </testcase> <!-- @AfterSuite endReport -->
  <testcase name="@AfterSuite endReport" time="0.0" classname="com.redbus.tests.Base">
    <ignored/>
  </testcase> <!-- @AfterSuite endReport -->
  <testcase name="@AfterSuite endReport" time="0.0" classname="com.redbus.tests.Base">
    <ignored/>
  </testcase> <!-- @AfterSuite endReport -->
  <testcase name="@AfterSuite endReport" time="0.0" classname="com.redbus.tests.Base">
    <ignored/>
  </testcase> <!-- @AfterSuite endReport -->
  <testcase name="@AfterSuite endReport" time="0.0" classname="com.redbus.tests.Base">
    <ignored/>
  </testcase> <!-- @AfterSuite endReport -->
  <testcase name="@AfterSuite endReport" time="0.0" classname="com.redbus.tests.Base">
    <ignored/>
  </testcase> <!-- @AfterSuite endReport -->
  <testcase name="@AfterSuite endReport" time="0.0" classname="com.redbus.tests.Base">
    <ignored/>
  </testcase> <!-- @AfterSuite endReport -->
  <testcase name="@AfterSuite endReport" time="0.0" classname="com.redbus.tests.Base">
    <ignored/>
  </testcase> <!-- @AfterSuite endReport -->
  <testcase name="@AfterSuite endReport" time="0.0" classname="com.redbus.tests.Base">
    <ignored/>
  </testcase> <!-- @AfterSuite endReport -->
  <testcase name="@AfterSuite endReport" time="0.0" classname="com.redbus.tests.Base">
    <ignored/>
  </testcase> <!-- @AfterSuite endReport -->
  <testcase name="@AfterSuite endReport" time="0.0" classname="com.redbus.tests.Base">
    <ignored/>
  </testcase> <!-- @AfterSuite endReport -->
  <testcase name="@AfterSuite endReport" time="0.0" classname="com.redbus.tests.Base">
    <ignored/>
  </testcase> <!-- @AfterSuite endReport -->
  <testcase name="@AfterSuite endReport" time="0.0" classname="com.redbus.tests.Base">
    <ignored/>
  </testcase> <!-- @AfterSuite endReport -->
  <testcase name="@AfterSuite endReport" time="0.0" classname="com.redbus.tests.Base">
    <ignored/>
  </testcase> <!-- @AfterSuite endReport -->
  <testcase name="@AfterSuite endReport" time="0.0" classname="com.redbus.tests.Base">
    <ignored/>
  </testcase> <!-- @AfterSuite endReport -->
  <testcase name="@AfterSuite endReport" time="0.0" classname="com.redbus.tests.Base">
    <ignored/>
  </testcase> <!-- @AfterSuite endReport -->
  <testcase name="@AfterSuite endReport" time="0.0" classname="com.redbus.tests.Base">
    <ignored/>
  </testcase> <!-- @AfterSuite endReport -->
  <testcase name="@BeforeSuite setExtent" time="0.0" classname="com.redbus.tests.Base">
    <ignored/>
  </testcase> <!-- @BeforeSuite setExtent -->
  <testcase name="@BeforeSuite setExtent" time="0.0" classname="com.redbus.tests.Base">
    <ignored/>
  </testcase> <!-- @BeforeSuite setExtent -->
  <testcase name="@BeforeSuite setExtent" time="0.0" classname="com.redbus.tests.Base">
    <ignored/>
  </testcase> <!-- @BeforeSuite setExtent -->
  <testcase name="@BeforeSuite setExtent" time="0.0" classname="com.redbus.tests.Base">
    <ignored/>
  </testcase> <!-- @BeforeSuite setExtent -->
  <testcase name="@BeforeSuite setExtent" time="0.0" classname="com.redbus.tests.Base">
    <ignored/>
  </testcase> <!-- @BeforeSuite setExtent -->
  <testcase name="@BeforeSuite setExtent" time="0.0" classname="com.redbus.tests.Base">
    <ignored/>
  </testcase> <!-- @BeforeSuite setExtent -->
  <testcase name="@BeforeSuite setExtent" time="0.0" classname="com.redbus.tests.Base">
    <ignored/>
  </testcase> <!-- @BeforeSuite setExtent -->
  <testcase name="@BeforeSuite setExtent" time="0.0" classname="com.redbus.tests.Base">
    <ignored/>
  </testcase> <!-- @BeforeSuite setExtent -->
  <testcase name="@BeforeSuite setExtent" time="0.0" classname="com.redbus.tests.Base">
    <ignored/>
  </testcase> <!-- @BeforeSuite setExtent -->
  <testcase name="@BeforeSuite setExtent" time="0.0" classname="com.redbus.tests.Base">
    <ignored/>
  </testcase> <!-- @BeforeSuite setExtent -->
  <testcase name="@BeforeSuite setExtent" time="0.0" classname="com.redbus.tests.Base">
    <ignored/>
  </testcase> <!-- @BeforeSuite setExtent -->
  <testcase name="@BeforeSuite setExtent" time="0.0" classname="com.redbus.tests.Base">
    <ignored/>
  </testcase> <!-- @BeforeSuite setExtent -->
  <testcase name="@BeforeSuite setExtent" time="0.0" classname="com.redbus.tests.Base">
    <ignored/>
  </testcase> <!-- @BeforeSuite setExtent -->
  <testcase name="@BeforeSuite setExtent" time="0.0" classname="com.redbus.tests.Base">
    <ignored/>
  </testcase> <!-- @BeforeSuite setExtent -->
  <testcase name="@BeforeSuite setExtent" time="0.0" classname="com.redbus.tests.Base">
    <ignored/>
  </testcase> <!-- @BeforeSuite setExtent -->
  <testcase name="@BeforeSuite setExtent" time="0.0" classname="com.redbus.tests.Base">
    <ignored/>
  </testcase> <!-- @BeforeSuite setExtent -->
  <testcase name="@BeforeSuite setExtent" time="0.0" classname="com.redbus.tests.Base">
    <ignored/>
  </testcase> <!-- @BeforeSuite setExtent -->
  <testcase name="@BeforeSuite setExtent" time="0.0" classname="com.redbus.tests.Base">
    <ignored/>
  </testcase> <!-- @BeforeSuite setExtent -->
  <testcase name="@BeforeSuite setExtent" time="0.0" classname="com.redbus.tests.Base">
    <ignored/>
  </testcase> <!-- @BeforeSuite setExtent -->
</testsuite> <!-- Test -->
