<?xml version="1.0" encoding="UTF-8"?>
<testng-results skipped="0" failed="0" ignored="0" total="2" passed="2">
  <reporter-output>
  </reporter-output>
  <suite name="Default suite" duration-ms="34806" started-at="2021-07-05T12:00:08Z" finished-at="2021-07-05T12:00:43Z">
    <groups>
      <group name="valid">
        <method signature="OtherSitesTest.validGotoGoibibo()[pri:1, instance:com.redbus.tests.OtherSitesTest@f79e]" name="validGotoGoibibo" class="com.redbus.tests.OtherSitesTest"/>
        <method signature="OtherSitesTest.validGotoMakeMyTrip()[pri:1, instance:com.redbus.tests.OtherSitesTest@f79e]" name="validGotoMakeMyTrip" class="com.redbus.tests.OtherSitesTest"/>
      </group> <!-- valid -->
    </groups>
    <test name="Default test" duration-ms="34806" started-at="2021-07-05T12:00:08Z" finished-at="2021-07-05T12:00:43Z">
      <class name="com.redbus.tests.OtherSitesTest">
        <test-method status="PASS" signature="setExtent()[pri:0, instance:com.redbus.tests.OtherSitesTest@f79e]" name="setExtent" is-config="true" duration-ms="71" started-at="2021-07-05T17:30:08Z" finished-at="2021-07-05T17:30:08Z">
          <reporter-output>
          </reporter-output>
        </test-method> <!-- setExtent -->
        <test-method status="PASS" signature="intializeWebdriver()[pri:0, instance:com.redbus.tests.OtherSitesTest@f79e]" name="intializeWebdriver" is-config="true" duration-ms="2313" started-at="2021-07-05T17:30:08Z" finished-at="2021-07-05T17:30:10Z">
          <reporter-output>
          </reporter-output>
        </test-method> <!-- intializeWebdriver -->
        <test-method status="PASS" signature="openBrowser()[pri:0, instance:com.redbus.tests.OtherSitesTest@f79e]" name="openBrowser" is-config="true" duration-ms="4003" started-at="2021-07-05T17:30:10Z" finished-at="2021-07-05T17:30:14Z">
          <reporter-output>
          </reporter-output>
        </test-method> <!-- openBrowser -->
        <test-method status="PASS" signature="validGotoGoibibo()[pri:1, instance:com.redbus.tests.OtherSitesTest@f79e]" name="validGotoGoibibo" duration-ms="12036" started-at="2021-07-05T17:30:14Z" finished-at="2021-07-05T17:30:26Z">
          <reporter-output>
          </reporter-output>
        </test-method> <!-- validGotoGoibibo -->
        <test-method status="PASS" signature="attachScreenShot(org.testng.ITestResult)[pri:0, instance:com.redbus.tests.OtherSitesTest@f79e]" name="attachScreenShot" is-config="true" duration-ms="3" started-at="2021-07-05T17:30:26Z" finished-at="2021-07-05T17:30:26Z">
          <params>
            <param index="0">
              <value>
                <![CDATA[[TestResult name=validGotoGoibibo status=SUCCESS method=OtherSitesTest.validGotoGoibibo()[pri:1, instance:com.redbus.tests.OtherSitesTest@f79e] output={null}]]]>
              </value>
            </param>
          </params>
          <reporter-output>
          </reporter-output>
        </test-method> <!-- attachScreenShot -->
        <test-method status="PASS" signature="closeBrowser()[pri:0, instance:com.redbus.tests.OtherSitesTest@f79e]" name="closeBrowser" is-config="true" duration-ms="175" started-at="2021-07-05T17:30:26Z" finished-at="2021-07-05T17:30:26Z">
          <reporter-output>
          </reporter-output>
        </test-method> <!-- closeBrowser -->
        <test-method status="PASS" signature="intializeWebdriver()[pri:0, instance:com.redbus.tests.OtherSitesTest@f79e]" name="intializeWebdriver" is-config="true" duration-ms="728" started-at="2021-07-05T17:30:26Z" finished-at="2021-07-05T17:30:27Z">
          <reporter-output>
          </reporter-output>
        </test-method> <!-- intializeWebdriver -->
        <test-method status="PASS" signature="openBrowser()[pri:0, instance:com.redbus.tests.OtherSitesTest@f79e]" name="openBrowser" is-config="true" duration-ms="3462" started-at="2021-07-05T17:30:27Z" finished-at="2021-07-05T17:30:31Z">
          <reporter-output>
          </reporter-output>
        </test-method> <!-- openBrowser -->
        <test-method status="PASS" signature="validGotoMakeMyTrip()[pri:1, instance:com.redbus.tests.OtherSitesTest@f79e]" name="validGotoMakeMyTrip" duration-ms="11910" started-at="2021-07-05T17:30:31Z" finished-at="2021-07-05T17:30:42Z">
          <reporter-output>
          </reporter-output>
        </test-method> <!-- validGotoMakeMyTrip -->
        <test-method status="PASS" signature="attachScreenShot(org.testng.ITestResult)[pri:0, instance:com.redbus.tests.OtherSitesTest@f79e]" name="attachScreenShot" is-config="true" duration-ms="0" started-at="2021-07-05T17:30:42Z" finished-at="2021-07-05T17:30:42Z">
          <params>
            <param index="0">
              <value>
                <![CDATA[[TestResult name=validGotoMakeMyTrip status=SUCCESS method=OtherSitesTest.validGotoMakeMyTrip()[pri:1, instance:com.redbus.tests.OtherSitesTest@f79e] output={null}]]]>
              </value>
            </param>
          </params>
          <reporter-output>
          </reporter-output>
        </test-method> <!-- attachScreenShot -->
        <test-method status="PASS" signature="closeBrowser()[pri:0, instance:com.redbus.tests.OtherSitesTest@f79e]" name="closeBrowser" is-config="true" duration-ms="161" started-at="2021-07-05T17:30:42Z" finished-at="2021-07-05T17:30:43Z">
          <reporter-output>
          </reporter-output>
        </test-method> <!-- closeBrowser -->
        <test-method status="PASS" signature="endReport()[pri:0, instance:com.redbus.tests.OtherSitesTest@f79e]" name="endReport" is-config="true" duration-ms="355" started-at="2021-07-05T17:30:43Z" finished-at="2021-07-05T17:30:43Z">
          <reporter-output>
          </reporter-output>
        </test-method> <!-- endReport -->
      </class> <!-- com.redbus.tests.OtherSitesTest -->
    </test> <!-- Default test -->
  </suite> <!-- Default suite -->
</testng-results>
